<?xml version="1.0"?>
<project xmlns="http://maven.apache.org/POM/4.0.0"
	xmlns:xsi="http://www.w3.org/2001/XMLSchema-instance"
	xsi:schemaLocation="http://maven.apache.org/POM/4.0.0 http://maven.apache.org/maven-v4_0_0.xsd">
	<modelVersion>4.0.0</modelVersion>
	<groupId>blabla</groupId>
	<artifactId>blibli</artifactId>
	<version>1.0.0</version>
	<url>http://www.zepag.org</url>
	<parent>
		<groupId>blabla</groupId>
		<artifactId>blibliparent</artifactId>
		<version>1.0.1</version>
		<relativePath>../blibliparent</relativePath>
	</parent>
	<packaging>jar</packaging>
	<repositories>
		<repository>
			<id>zepag</id>
			<layout>default</layout>
			<name>Zepag</name>
			<url>http://www.zepag.org/repo</url>
			<releases>
				<enabled>true</enabled>
				<checksumPolicy>ignore</checksumPolicy>
				<updatePolicy>never</updatePolicy>
			</releases>
			<snapshots>
				<enabled>false</enabled>
				<checksumPolicy>false</checksumPolicy>
				<updatePolicy>always</updatePolicy>
			</snapshots>
		</repository>
	</repositories>
	<properties>
		<prop1>prop1Value</prop1>
		<prop2>prop2Value</prop2>
	</properties>
	<profiles>
		<profile>
			<id>alwaysActive</id>
			<repositories>
				<repository>
					<id>zepag2</id>
					<layout>default</layout>
					<name>Zepag2</name>
					<url>http://www.zepag.org/repo2</url>
					<releases>
						<enabled>true</enabled>
						<checksumPolicy>ignore</checksumPolicy>
						<updatePolicy>never</updatePolicy>
					</releases>
					<snapshots>
						<enabled>false</enabled>
						<checksumPolicy>false</checksumPolicy>
						<updatePolicy>always</updatePolicy>
					</snapshots>
				</repository>
			</repositories>
			<properties>
				<prop2>prop4Value</prop2>
				<prop3>prop5Value</prop3>
			</properties>
		</profile>
	</profiles>
	<dependencies>
		<dependency>
			<groupId>blabla</groupId>
			<artifactId>bliblidep1</artifactId>
			<version>1.0.2</version>
			<scope>compile</scope>
			<optional>false</optional>
		</dependency>
		<dependency>
			<groupId>blabla</groupId>
			<artifactId>bliblidep2</artifactId>
			<version>1.0.3</version>
			<classifier>beta</classifier>
			<scope>system</scope>
			<systemPath>C:/bliblidep2.jar</systemPath>
		</dependency>
	</dependencies>
</project>